<?xml version="1.0" encoding="UTF-8"?>
<!-- Generated by org.testng.reporters.JUnitReportReporter -->
<testsuite hostname="HMECD000539" name="com.hm.bench.ParallelMethodTest" tests="4" failures="0" timestamp="9 Mar 2016 13:29:53 GMT" time="0.011" errors="0">
  <testcase name="testMethodsFour" time="0.002" classname="com.hm.bench.ParallelMethodTest"/>
  <testcase name="testMethodsThree" time="0.003" classname="com.hm.bench.ParallelMethodTest"/>
  <testcase name="testMethodsOne" time="0.002" classname="com.hm.bench.ParallelMethodTest"/>
  <testcase name="testMethodsTwo" time="0.004" classname="com.hm.bench.ParallelMethodTest"/>
</testsuite> <!-- com.hm.bench.ParallelMethodTest -->
