<?xml version="1.0" encoding="UTF-8"?>
<!-- Generated by org.testng.reporters.JUnitReportReporter -->
<testsuite hostname="HMECD000539" name="com.hm.bench.SwitchWindow" tests="1" failures="0" timestamp="14 Mar 2016 05:47:46 GMT" time="44.411" errors="0">
  <testcase name="switchingBetweenWindows" time="44.411" classname="com.hm.bench.SwitchWindow"/>
</testsuite> <!-- com.hm.bench.SwitchWindow -->
