<?xml version="1.0" encoding="UTF-8"?>
<!-- Generated by org.testng.reporters.JUnitReportReporter -->
<testsuite hostname="HMECD000539" name="com.hm.bench.AddCookiesTest" tests="1" failures="0" timestamp="11 Mar 2016 07:21:49 GMT" time="19.174" errors="0">
  <testcase name="addCookiesTest" time="19.174" classname="com.hm.bench.AddCookiesTest"/>
</testsuite> <!-- com.hm.bench.AddCookiesTest -->
