<?xml version="1.0" encoding="UTF-8"?>
<!-- Generated by org.testng.reporters.JUnitReportReporter -->
<testsuite hostname="HMECD000539" name="com.hm.smiles.PrintSmilesTesting" tests="1" failures="0" timestamp="11 Mar 2016 07:21:49 GMT" time="0.001" errors="0">
  <testcase name="n" time="0.001" classname="com.hm.smiles.PrintSmilesTesting"/>
</testsuite> <!-- com.hm.smiles.PrintSmilesTesting -->
