<?xml version="1.0" encoding="UTF-8"?>
<!-- Generated by org.testng.reporters.JUnitReportReporter -->
<testsuite hostname="HMECD000539" name="com.cadence.cos.AddCookiesTest" tests="1" failures="0" timestamp="9 Jun 2016 10:37:11 GMT" time="25.655" errors="0">
  <testcase name="addCookiesTest" time="25.655" classname="com.cadence.cos.AddCookiesTest"/>
</testsuite> <!-- com.cadence.cos.AddCookiesTest -->
