<?xml version="1.0" encoding="UTF-8"?>
<!-- Generated by org.testng.reporters.JUnitReportReporter -->
<testsuite hostname="HMECD000539" name="com.hm.bench.RemoveCookiesTest" tests="1" failures="0" timestamp="9 Mar 2016 13:29:53 GMT" time="19.789" errors="0">
  <testcase name="RemoveCookiesTest" time="19.789" classname="com.hm.bench.RemoveCookiesTest"/>
</testsuite> <!-- com.hm.bench.RemoveCookiesTest -->
