<?xml version="1.0" encoding="UTF-8"?>
<!-- Generated by org.testng.reporters.JUnitReportReporter -->
<testsuite hostname="HMECD000539" name="com.hm.bench.CopyOfPrintTest" tests="1" failures="0" timestamp="9 Mar 2016 13:41:06 GMT" time="0.010" errors="0">
  <testcase name="m" time="0.010" classname="com.hm.bench.CopyOfPrintTest"/>
</testsuite> <!-- com.hm.bench.CopyOfPrintTest -->
