<?xml version="1.0" encoding="UTF-8"?>
<!-- Generated by org.testng.reporters.JUnitReportReporter -->
<testsuite hostname="HMECD000539" name="com.hm.smiles.PrintSmilesTesting2" tests="4" failures="0" timestamp="11 Mar 2016 07:21:49 GMT" time="0.005" errors="0">
  <testcase name="p" time="0.002" classname="com.hm.smiles.PrintSmilesTesting2"/>
  <testcase name="s" time="0.001" classname="com.hm.smiles.PrintSmilesTesting2"/>
  <testcase name="t" time="0.001" classname="com.hm.smiles.PrintSmilesTesting2"/>
  <testcase name="q" time="0.001" classname="com.hm.smiles.PrintSmilesTesting2"/>
</testsuite> <!-- com.hm.smiles.PrintSmilesTesting2 -->
