<?xml version="1.0" encoding="UTF-8"?>
<!-- Generated by org.testng.reporters.JUnitReportReporter -->
<testsuite hostname="HMECD000539" name="com.cadence.cos.ParallelMethodTest" tests="4" failures="0" timestamp="9 Jun 2016 11:59:28 GMT" time="0.005" errors="0">
  <testcase name="testMethodsThree" time="0.003" classname="com.cadence.cos.ParallelMethodTest"/>
  <testcase name="testMethodsOne" time="0.000" classname="com.cadence.cos.ParallelMethodTest"/>
  <testcase name="testMethodsTwo" time="0.002" classname="com.cadence.cos.ParallelMethodTest"/>
  <testcase name="testMethodsFour" time="0.000" classname="com.cadence.cos.ParallelMethodTest"/>
</testsuite> <!-- com.cadence.cos.ParallelMethodTest -->
