<?xml version="1.0" encoding="UTF-8"?>
<!-- Generated by org.testng.reporters.JUnitReportReporter -->
<testsuite hostname="PC-SHROHIT1" name="com.cadence.bench.launchFb" tests="1" failures="0" timestamp="23 Dec 2016 19:28:37 GMT" time="97.801" errors="0">
  <testcase name="launchFacebook" time="97.801" classname="com.cadence.bench.launchFb"/>
</testsuite> <!-- com.cadence.bench.launchFb -->
