<?xml version="1.0" encoding="UTF-8"?>
<!-- Generated by org.testng.reporters.JUnitReportReporter -->
<testsuite hostname="HMECD000539" name="com.cadence.cos.AddCookiesTest" tests="1" failures="0" timestamp="9 Jun 2016 11:59:28 GMT" time="34.746" errors="0">
  <testcase name="addCookiesTest" time="34.746" classname="com.cadence.cos.AddCookiesTest"/>
</testsuite> <!-- com.cadence.cos.AddCookiesTest -->
