<?xml version="1.0" encoding="UTF-8"?>
<!-- Generated by org.testng.reporters.JUnitReportReporter -->
<testsuite hostname="HMECD000539" name="com.cadence.cos.RemoveCookiesTest" tests="1" failures="0" timestamp="9 Jun 2016 11:59:28 GMT" time="10.500" errors="0">
  <testcase name="removeCookiesTest" time="10.500" classname="com.cadence.cos.RemoveCookiesTest"/>
</testsuite> <!-- com.cadence.cos.RemoveCookiesTest -->
