<?xml version="1.0" encoding="UTF-8"?>
<!-- Generated by org.testng.reporters.JUnitReportReporter -->
<testsuite hostname="HMECD000539" name="com.cadence.cos.CopyOfPrintTest" tests="1" failures="0" timestamp="9 Jun 2016 11:59:28 GMT" time="0.013" errors="0">
  <testcase name="m" time="0.013" classname="com.cadence.cos.CopyOfPrintTest"/>
</testsuite> <!-- com.cadence.cos.CopyOfPrintTest -->
