<?xml version="1.0" encoding="UTF-8"?>
<!-- Generated by org.testng.reporters.JUnitReportReporter -->
<testsuite hostname="PC-SHROHIT1" name="com.cadence.bench.launchFb" tests="1" failures="0" timestamp="29 Dec 2016 12:32:55 GMT" time="13.666" errors="0">
  <testcase name="launchFacebook" time="13.666" classname="com.cadence.bench.launchFb"/>
</testsuite> <!-- com.cadence.bench.launchFb -->
