<?xml version="1.0" encoding="UTF-8"?>
<!-- Generated by org.testng.reporters.JUnitReportReporter -->
<testsuite hostname="HMECD000539" name="com.cadence.cos.PrintTest" tests="1" failures="0" timestamp="9 Jun 2016 12:11:55 GMT" time="0.011" errors="0">
  <testcase name="m" time="0.011" classname="com.cadence.cos.PrintTest"/>
</testsuite> <!-- com.cadence.cos.PrintTest -->
