<?xml version="1.0" encoding="UTF-8"?>
<!-- Generated by org.testng.reporters.JUnitReportReporter -->
<testsuite hostname="PC-SHROHIT1" name="com.cadence.bench.PrintTest2" tests="1" failures="0" timestamp="29 Dec 2016 08:27:09 GMT" time="0.000" errors="0">
  <testcase name="testPrint" time="0.000" classname="com.cadence.bench.PrintTest2"/>
</testsuite> <!-- com.cadence.bench.PrintTest2 -->
